# JRE version: OpenJDK Runtime Environment (8.0_76-b03) (build 1.8.0_76-release-b03)
# Java VM: OpenJDK 64-Bit Server VM (25.76-b03 mixed mode linux-amd64 compressed oops)
Heap:
 PSYoungGen      total 350720K, used 33537K [0x00000000e0000000, 0x00000000fd380000, 0x0000000100000000)
  eden space 238080K, 0% used [0x00000000e0000000,0x00000000e0000000,0x00000000ee880000)
  from space 112640K, 29% used [0x00000000f6580000,0x00000000f8640648,0x00000000fd380000)
  to   space 120320K, 0% used [0x00000000ee880000,0x00000000ee880000,0x00000000f5e00000)
 ParOldGen       total 743936K, used 698177K [0x00000000a0000000, 0x00000000cd680000, 0x00000000e0000000)
  object space 743936K, 93% used [0x00000000a0000000,0x00000000ca9d0468,0x00000000cd680000)
 Metaspace       used 104427K, capacity 112078K, committed 118656K, reserved 1153024K
  class space    used 12256K, capacity 13453K, committed 14464K, reserved 1048576K
GC Heap History (10 events):
Event: 12259.541 GC heap after
Heap after GC invocations=438 (full 26):
 PSYoungGen      total 340480K, used 19476K [0x00000000e0000000, 0x00000000fe700000, 0x0000000100000000)
  eden space 194560K, 0% used [0x00000000e0000000,0x00000000e0000000,0x00000000ebe00000)
  from space 145920K, 13% used [0x00000000f5880000,0x00000000f6b852e0,0x00000000fe700000)
  to   space 152064K, 0% used [0x00000000ebe00000,0x00000000ebe00000,0x00000000f5280000)
 ParOldGen       total 743936K, used 609369K [0x00000000a0000000, 0x00000000cd680000, 0x00000000e0000000)
  object space 743936K, 81% used [0x00000000a0000000,0x00000000c53166e8,0x00000000cd680000)
 Metaspace       used 104427K, capacity 112078K, committed 118656K, reserved 1153024K
  class space    used 12256K, capacity 13453K, committed 14464K, reserved 1048576K
}
Event: 12259.662 GC heap before
{Heap before GC invocations=439 (full 26):
 PSYoungGen      total 340480K, used 214036K [0x00000000e0000000, 0x00000000fe700000, 0x0000000100000000)
  eden space 194560K, 100% used [0x00000000e0000000,0x00000000ebe00000,0x00000000ebe00000)
  from space 145920K, 13% used [0x00000000f5880000,0x00000000f6b852e0,0x00000000fe700000)
  to   space 152064K, 0% used [0x00000000ebe00000,0x00000000ebe00000,0x00000000f5280000)
 ParOldGen       total 743936K, used 609369K [0x00000000a0000000, 0x00000000cd680000, 0x00000000e0000000)
  object space 743936K, 81% used [0x00000000a0000000,0x00000000c53166e8,0x00000000cd680000)
 Metaspace       used 104427K, capacity 112078K, committed 118656K, reserved 1153024K
  class space    used 12256K, capacity 13453K, committed 14464K, reserved 1048576K
Event: 12259.693 GC heap after
Heap after GC invocations=439 (full 26):
 PSYoungGen      total 346624K, used 13429K [0x00000000e0000000, 0x00000000fef80000, 0x0000000100000000)
  eden space 194560K, 0% used [0x00000000e0000000,0x00000000e0000000,0x00000000ebe00000)
  from space 152064K, 8% used [0x00000000ebe00000,0x00000000ecb1d460,0x00000000f5280000)
  to   space 145920K, 0% used [0x00000000f6100000,0x00000000f6100000,0x00000000fef80000)
 ParOldGen       total 743936K, used 628285K [0x00000000a0000000, 0x00000000cd680000, 0x00000000e0000000)
  object space 743936K, 84% used [0x00000000a0000000,0x00000000c658f7b0,0x00000000cd680000)
 Metaspace       used 104427K, capacity 112078K, committed 118656K, reserved 1153024K
  class space    used 12256K, capacity 13453K, committed 14464K, reserved 1048576K
}
Event: 12259.894 GC heap before
{Heap before GC invocations=440 (full 26):
 PSYoungGen      total 346624K, used 207989K [0x00000000e0000000, 0x00000000fef80000, 0x0000000100000000)
  eden space 194560K, 100% used [0x00000000e0000000,0x00000000ebe00000,0x00000000ebe00000)
  from space 152064K, 8% used [0x00000000ebe00000,0x00000000ecb1d460,0x00000000f5280000)
  to   space 145920K, 0% used [0x00000000f6100000,0x00000000f6100000,0x00000000fef80000)
 ParOldGen       total 743936K, used 628285K [0x00000000a0000000, 0x00000000cd680000, 0x00000000e0000000)
  object space 743936K, 84% used [0x00000000a0000000,0x00000000c658f7b0,0x00000000cd680000)
 Metaspace       used 104427K, capacity 112078K, committed 118656K, reserved 1153024K
  class space    used 12256K, capacity 13453K, committed 14464K, reserved 1048576K
Event: 12259.932 GC heap after
Heap after GC invocations=440 (full 26):
 PSYoungGen      total 343040K, used 27525K [0x00000000e0000000, 0x00000000fde00000, 0x0000000100000000)
  eden space 215040K, 0% used [0x00000000e0000000,0x00000000e0000000,0x00000000ed200000)
  from space 128000K, 21% used [0x00000000f6100000,0x00000000f7be17b0,0x00000000fde00000)
  to   space 137216K, 0% used [0x00000000ed200000,0x00000000ed200000,0x00000000f5800000)
 ParOldGen       total 743936K, used 640453K [0x00000000a0000000, 0x00000000cd680000, 0x00000000e0000000)
  object space 743936K, 86% used [0x00000000a0000000,0x00000000c71716a8,0x00000000cd680000)
 Metaspace       used 104427K, capacity 112078K, committed 118656K, reserved 1153024K
  class space    used 12256K, capacity 13453K, committed 14464K, reserved 1048576K
}
Event: 12260.116 GC heap before
{Heap before GC invocations=441 (full 26):
 PSYoungGen      total 343040K, used 242565K [0x00000000e0000000, 0x00000000fde00000, 0x0000000100000000)
  eden space 215040K, 100% used [0x00000000e0000000,0x00000000ed200000,0x00000000ed200000)
  from space 128000K, 21% used [0x00000000f6100000,0x00000000f7be17b0,0x00000000fde00000)
  to   space 137216K, 0% used [0x00000000ed200000,0x00000000ed200000,0x00000000f5800000)
 ParOldGen       total 743936K, used 640453K [0x00000000a0000000, 0x00000000cd680000, 0x00000000e0000000)
  object space 743936K, 86% used [0x00000000a0000000,0x00000000c71716a8,0x00000000cd680000)
 Metaspace       used 104427K, capacity 112078K, committed 118656K, reserved 1153024K
  class space    used 12256K, capacity 13453K, committed 14464K, reserved 1048576K
Event: 12260.171 GC heap after
Heap after GC invocations=441 (full 26):
 PSYoungGen      total 352256K, used 32823K [0x00000000e0000000, 0x00000000fe300000, 0x0000000100000000)
  eden space 215040K, 0% used [0x00000000e0000000,0x00000000e0000000,0x00000000ed200000)
  from space 137216K, 23% used [0x00000000ed200000,0x00000000ef20dcb8,0x00000000f5800000)
  to   space 128512K, 0% used [0x00000000f6580000,0x00000000f6580000,0x00000000fe300000)
 ParOldGen       total 743936K, used 666765K [0x00000000a0000000, 0x00000000cd680000, 0x00000000e0000000)
  object space 743936K, 89% used [0x00000000a0000000,0x00000000c8b235c8,0x00000000cd680000)
 Metaspace       used 104427K, capacity 112078K, committed 118656K, reserved 1153024K
  class space    used 12256K, capacity 13453K, committed 14464K, reserved 1048576K
}
Event: 12260.360 GC heap before
{Heap before GC invocations=442 (full 26):
 PSYoungGen      total 352256K, used 247863K [0x00000000e0000000, 0x00000000fe300000, 0x0000000100000000)
  eden space 215040K, 100% used [0x00000000e0000000,0x00000000ed200000,0x00000000ed200000)
  from space 137216K, 23% used [0x00000000ed200000,0x00000000ef20dcb8,0x00000000f5800000)
  to   space 128512K, 0% used [0x00000000f6580000,0x00000000f6580000,0x00000000fe300000)
 ParOldGen       total 743936K, used 666765K [0x00000000a0000000, 0x00000000cd680000, 0x00000000e0000000)
  object space 743936K, 89% used [0x00000000a0000000,0x00000000c8b235c8,0x00000000cd680000)
 Metaspace       used 104427K, capacity 112078K, committed 118656K, reserved 1153024K
  class space    used 12256K, capacity 13453K, committed 14464K, reserved 1048576K
Event: 12260.422 GC heap after
Heap after GC invocations=442 (full 26):
 PSYoungGen      total 350720K, used 33537K [0x00000000e0000000, 0x00000000fd380000, 0x0000000100000000)
  eden space 238080K, 0% used [0x00000000e0000000,0x00000000e0000000,0x00000000ee880000)
  from space 112640K, 29% used [0x00000000f6580000,0x00000000f8640648,0x00000000fd380000)
  to   space 120320K, 0% used [0x00000000ee880000,0x00000000ee880000,0x00000000f5e00000)
 ParOldGen       total 743936K, used 698177K [0x00000000a0000000, 0x00000000cd680000, 0x00000000e0000000)
  object space 743936K, 93% used [0x00000000a0000000,0x00000000ca9d0468,0x00000000cd680000)
 Metaspace       used 104427K, capacity 112078K, committed 118656K, reserved 1153024K
  class space    used 12256K, capacity 13453K, committed 14464K, reserved 1048576K
}
Event: 12260.422 GC heap before
{Heap before GC invocations=443 (full 27):
 PSYoungGen      total 350720K, used 33537K [0x00000000e0000000, 0x00000000fd380000, 0x0000000100000000)
  eden space 238080K, 0% used [0x00000000e0000000,0x00000000e0000000,0x00000000ee880000)
  from space 112640K, 29% used [0x00000000f6580000,0x00000000f8640648,0x00000000fd380000)
  to   space 120320K, 0% used [0x00000000ee880000,0x00000000ee880000,0x00000000f5e00000)
 ParOldGen       total 743936K, used 698177K [0x00000000a0000000, 0x00000000cd680000, 0x00000000e0000000)
  object space 743936K, 93% used [0x00000000a0000000,0x00000000ca9d0468,0x00000000cd680000)
 Metaspace       used 104427K, capacity 112078K, committed 118656K, reserved 1153024K
  class space    used 12256K, capacity 13453K, committed 14464K, reserved 1048576K

