# JRE version: OpenJDK Runtime Environment (8.0_112-b06) (build 1.8.0_112-release-b06)
# Java VM: OpenJDK 64-Bit Server VM (25.112-b06 mixed mode linux-amd64 compressed oops)
Heap:
 PSYoungGen      total 409600K, used 42402K [0x00000000e0000000, 0x00000000ff700000, 0x0000000100000000)
  eden space 306176K, 0% used [0x00000000e0000000,0x00000000e0000000,0x00000000f2b00000)
  from space 103424K, 40% used [0x00000000f9200000,0x00000000fbb68800,0x00000000ff700000)
  to   space 104448K, 0% used [0x00000000f2b00000,0x00000000f2b00000,0x00000000f9100000)
 ParOldGen       total 697856K, used 666563K [0x00000000a0000000, 0x00000000ca980000, 0x00000000e0000000)
  object space 697856K, 95% used [0x00000000a0000000,0x00000000c8af0d28,0x00000000ca980000)
 Metaspace       used 107377K, capacity 117434K, committed 117504K, reserved 1153024K
  class space    used 12722K, capacity 14298K, committed 14336K, reserved 1048576K
GC Heap History (10 events):
Event: 4073.692 GC heap after
Heap after GC invocations=336 (full 14):
 PSYoungGen      total 379904K, used 37856K [0x00000000e0000000, 0x00000000feb00000, 0x0000000100000000)
  eden space 257024K, 0% used [0x00000000e0000000,0x00000000e0000000,0x00000000efb00000)
  from space 122880K, 30% used [0x00000000f7300000,0x00000000f97f8000,0x00000000feb00000)
  to   space 122880K, 0% used [0x00000000efb00000,0x00000000efb00000,0x00000000f7300000)
 ParOldGen       total 697856K, used 560249K [0x00000000a0000000, 0x00000000ca980000, 0x00000000e0000000)
  object space 697856K, 80% used [0x00000000a0000000,0x00000000c231e788,0x00000000ca980000)
 Metaspace       used 107375K, capacity 117434K, committed 117504K, reserved 1153024K
  class space    used 12722K, capacity 14298K, committed 14336K, reserved 1048576K
}
Event: 4077.051 GC heap before
{Heap before GC invocations=337 (full 14):
 PSYoungGen      total 379904K, used 294880K [0x00000000e0000000, 0x00000000feb00000, 0x0000000100000000)
  eden space 257024K, 100% used [0x00000000e0000000,0x00000000efb00000,0x00000000efb00000)
  from space 122880K, 30% used [0x00000000f7300000,0x00000000f97f8000,0x00000000feb00000)
  to   space 122880K, 0% used [0x00000000efb00000,0x00000000efb00000,0x00000000f7300000)
 ParOldGen       total 697856K, used 560249K [0x00000000a0000000, 0x00000000ca980000, 0x00000000e0000000)
  object space 697856K, 80% used [0x00000000a0000000,0x00000000c231e788,0x00000000ca980000)
 Metaspace       used 107376K, capacity 117434K, committed 117504K, reserved 1153024K
  class space    used 12722K, capacity 14298K, committed 14336K, reserved 1048576K
Event: 4077.090 GC heap after
Heap after GC invocations=337 (full 14):
 PSYoungGen      total 379904K, used 6788K [0x00000000e0000000, 0x00000000ff500000, 0x0000000100000000)
  eden space 257024K, 0% used [0x00000000e0000000,0x00000000e0000000,0x00000000efb00000)
  from space 122880K, 5% used [0x00000000efb00000,0x00000000f01a1278,0x00000000f7300000)
  to   space 117248K, 0% used [0x00000000f8280000,0x00000000f8280000,0x00000000ff500000)
 ParOldGen       total 697856K, used 587477K [0x00000000a0000000, 0x00000000ca980000, 0x00000000e0000000)
  object space 697856K, 84% used [0x00000000a0000000,0x00000000c3db5778,0x00000000ca980000)
 Metaspace       used 107376K, capacity 117434K, committed 117504K, reserved 1153024K
  class space    used 12722K, capacity 14298K, committed 14336K, reserved 1048576K
}
Event: 4077.295 GC heap before
{Heap before GC invocations=338 (full 14):
 PSYoungGen      total 379904K, used 263812K [0x00000000e0000000, 0x00000000ff500000, 0x0000000100000000)
  eden space 257024K, 100% used [0x00000000e0000000,0x00000000efb00000,0x00000000efb00000)
  from space 122880K, 5% used [0x00000000efb00000,0x00000000f01a1278,0x00000000f7300000)
  to   space 117248K, 0% used [0x00000000f8280000,0x00000000f8280000,0x00000000ff500000)
 ParOldGen       total 697856K, used 587477K [0x00000000a0000000, 0x00000000ca980000, 0x00000000e0000000)
  object space 697856K, 84% used [0x00000000a0000000,0x00000000c3db5778,0x00000000ca980000)
 Metaspace       used 107376K, capacity 117434K, committed 117504K, reserved 1153024K
  class space    used 12722K, capacity 14298K, committed 14336K, reserved 1048576K
Event: 4077.334 GC heap after
Heap after GC invocations=338 (full 14):
 PSYoungGen      total 393728K, used 33340K [0x00000000e0000000, 0x00000000fed80000, 0x0000000100000000)
  eden space 284160K, 0% used [0x00000000e0000000,0x00000000e0000000,0x00000000f1580000)
  from space 109568K, 30% used [0x00000000f8280000,0x00000000fa30f110,0x00000000fed80000)
  to   space 110592K, 0% used [0x00000000f1580000,0x00000000f1580000,0x00000000f8180000)
 ParOldGen       total 697856K, used 594178K [0x00000000a0000000, 0x00000000ca980000, 0x00000000e0000000)
  object space 697856K, 85% used [0x00000000a0000000,0x00000000c4440a70,0x00000000ca980000)
 Metaspace       used 107376K, capacity 117434K, committed 117504K, reserved 1153024K
  class space    used 12722K, capacity 14298K, committed 14336K, reserved 1048576K
}
Event: 4077.594 GC heap before
{Heap before GC invocations=339 (full 14):
 PSYoungGen      total 393728K, used 317500K [0x00000000e0000000, 0x00000000fed80000, 0x0000000100000000)
  eden space 284160K, 100% used [0x00000000e0000000,0x00000000f1580000,0x00000000f1580000)
  from space 109568K, 30% used [0x00000000f8280000,0x00000000fa30f110,0x00000000fed80000)
  to   space 110592K, 0% used [0x00000000f1580000,0x00000000f1580000,0x00000000f8180000)
 ParOldGen       total 697856K, used 594178K [0x00000000a0000000, 0x00000000ca980000, 0x00000000e0000000)
  object space 697856K, 85% used [0x00000000a0000000,0x00000000c4440a70,0x00000000ca980000)
 Metaspace       used 107376K, capacity 117434K, committed 117504K, reserved 1153024K
  class space    used 12722K, capacity 14298K, committed 14336K, reserved 1048576K
Event: 4077.657 GC heap after
Heap after GC invocations=339 (full 14):
 PSYoungGen      total 394752K, used 42377K [0x00000000e0000000, 0x00000000ffb00000, 0x0000000100000000)
  eden space 284160K, 0% used [0x00000000e0000000,0x00000000e0000000,0x00000000f1580000)
  from space 110592K, 38% used [0x00000000f1580000,0x00000000f3ee2510,0x00000000f8180000)
  to   space 107520K, 0% used [0x00000000f9200000,0x00000000f9200000,0x00000000ffb00000)
 ParOldGen       total 697856K, used 626277K [0x00000000a0000000, 0x00000000ca980000, 0x00000000e0000000)
  object space 697856K, 89% used [0x00000000a0000000,0x00000000c6399418,0x00000000ca980000)
 Metaspace       used 107376K, capacity 117434K, committed 117504K, reserved 1153024K
  class space    used 12722K, capacity 14298K, committed 14336K, reserved 1048576K
}
Event: 4077.886 GC heap before
{Heap before GC invocations=340 (full 14):
 PSYoungGen      total 394752K, used 326537K [0x00000000e0000000, 0x00000000ffb00000, 0x0000000100000000)
  eden space 284160K, 100% used [0x00000000e0000000,0x00000000f1580000,0x00000000f1580000)
  from space 110592K, 38% used [0x00000000f1580000,0x00000000f3ee2510,0x00000000f8180000)
  to   space 107520K, 0% used [0x00000000f9200000,0x00000000f9200000,0x00000000ffb00000)
 ParOldGen       total 697856K, used 626277K [0x00000000a0000000, 0x00000000ca980000, 0x00000000e0000000)
  object space 697856K, 89% used [0x00000000a0000000,0x00000000c6399418,0x00000000ca980000)
 Metaspace       used 107377K, capacity 117434K, committed 117504K, reserved 1153024K
  class space    used 12722K, capacity 14298K, committed 14336K, reserved 1048576K
Event: 4077.956 GC heap after
Heap after GC invocations=340 (full 14):
 PSYoungGen      total 409600K, used 42402K [0x00000000e0000000, 0x00000000ff700000, 0x0000000100000000)
  eden space 306176K, 0% used [0x00000000e0000000,0x00000000e0000000,0x00000000f2b00000)
  from space 103424K, 40% used [0x00000000f9200000,0x00000000fbb68800,0x00000000ff700000)
  to   space 104448K, 0% used [0x00000000f2b00000,0x00000000f2b00000,0x00000000f9100000)
 ParOldGen       total 697856K, used 666563K [0x00000000a0000000, 0x00000000ca980000, 0x00000000e0000000)
  object space 697856K, 95% used [0x00000000a0000000,0x00000000c8af0d28,0x00000000ca980000)
 Metaspace       used 107377K, capacity 117434K, committed 117504K, reserved 1153024K
  class space    used 12722K, capacity 14298K, committed 14336K, reserved 1048576K
}
Event: 4077.956 GC heap before
{Heap before GC invocations=341 (full 15):
 PSYoungGen      total 409600K, used 42402K [0x00000000e0000000, 0x00000000ff700000, 0x0000000100000000)
  eden space 306176K, 0% used [0x00000000e0000000,0x00000000e0000000,0x00000000f2b00000)
  from space 103424K, 40% used [0x00000000f9200000,0x00000000fbb68800,0x00000000ff700000)
  to   space 104448K, 0% used [0x00000000f2b00000,0x00000000f2b00000,0x00000000f9100000)
 ParOldGen       total 697856K, used 666563K [0x00000000a0000000, 0x00000000ca980000, 0x00000000e0000000)
  object space 697856K, 95% used [0x00000000a0000000,0x00000000c8af0d28,0x00000000ca980000)
 Metaspace       used 107377K, capacity 117434K, committed 117504K, reserved 1153024K
  class space    used 12722K, capacity 14298K, committed 14336K, reserved 1048576K

