# JRE version: OpenJDK Runtime Environment (8.0_112-b06) (build 1.8.0_112-release-b06)
# Java VM: OpenJDK 64-Bit Server VM (25.112-b06 mixed mode linux-amd64 compressed oops)
Heap:
 PSYoungGen      total 433664K, used 433484K [0x00000000e0000000, 0x0000000100000000, 0x0000000100000000)
  eden space 356864K, 100% used [0x00000000e0000000,0x00000000f5c80000,0x00000000f5c80000)
  from space 76800K, 99% used [0x00000000f5c80000,0x00000000fa7530f0,0x00000000fa780000)
  to   space 89088K, 14% used [0x00000000fa900000,0x00000000fb5b1718,0x0000000100000000)
 ParOldGen       total 1048576K, used 932409K [0x00000000a0000000, 0x00000000e0000000, 0x00000000e0000000)
  object space 1048576K, 88% used [0x00000000a0000000,0x00000000d8e8e7d0,0x00000000e0000000)
 Metaspace       used 99778K, capacity 107783K, committed 111064K, reserved 1146880K
  class space    used 11939K, capacity 13646K, committed 14080K, reserved 1048576K
GC Heap History (10 events):
Event: 10955.789 GC heap after
Heap after GC invocations=306 (full 20):
 PSYoungGen      total 435712K, used 52232K [0x00000000e0000000, 0x00000000ffb00000, 0x0000000100000000)
  eden space 350720K, 0% used [0x00000000e0000000,0x00000000e0000000,0x00000000f5680000)
  from space 84992K, 61% used [0x00000000fa780000,0x00000000fda820c0,0x00000000ffa80000)
  to   space 82944K, 0% used [0x00000000f5680000,0x00000000f5680000,0x00000000fa780000)
 ParOldGen       total 1048576K, used 989439K [0x00000000a0000000, 0x00000000e0000000, 0x00000000e0000000)
  object space 1048576K, 94% used [0x00000000a0000000,0x00000000dc63fd98,0x00000000e0000000)
 Metaspace       used 101797K, capacity 109717K, committed 111064K, reserved 1146880K
  class space    used 12080K, capacity 13770K, committed 14080K, reserved 1048576K
}
Event: 10955.789 GC heap before
{Heap before GC invocations=307 (full 21):
 PSYoungGen      total 435712K, used 52232K [0x00000000e0000000, 0x00000000ffb00000, 0x0000000100000000)
  eden space 350720K, 0% used [0x00000000e0000000,0x00000000e0000000,0x00000000f5680000)
  from space 84992K, 61% used [0x00000000fa780000,0x00000000fda820c0,0x00000000ffa80000)
  to   space 82944K, 0% used [0x00000000f5680000,0x00000000f5680000,0x00000000fa780000)
 ParOldGen       total 1048576K, used 989439K [0x00000000a0000000, 0x00000000e0000000, 0x00000000e0000000)
  object space 1048576K, 94% used [0x00000000a0000000,0x00000000dc63fd98,0x00000000e0000000)
 Metaspace       used 101797K, capacity 109717K, committed 111064K, reserved 1146880K
  class space    used 12080K, capacity 13770K, committed 14080K, reserved 1048576K
Event: 10958.961 GC heap after
Heap after GC invocations=307 (full 21):
 PSYoungGen      total 435712K, used 0K [0x00000000e0000000, 0x00000000ffb00000, 0x0000000100000000)
  eden space 350720K, 0% used [0x00000000e0000000,0x00000000e0000000,0x00000000f5680000)
  from space 84992K, 0% used [0x00000000fa780000,0x00000000fa780000,0x00000000ffa80000)
  to   space 82944K, 0% used [0x00000000f5680000,0x00000000f5680000,0x00000000fa780000)
 ParOldGen       total 1048576K, used 776569K [0x00000000a0000000, 0x00000000e0000000, 0x00000000e0000000)
  object space 1048576K, 74% used [0x00000000a0000000,0x00000000cf65e570,0x00000000e0000000)
 Metaspace       used 99593K, capacity 107429K, committed 111064K, reserved 1146880K
  class space    used 11906K, capacity 13566K, committed 14080K, reserved 1048576K
}
Event: 10959.282 GC heap before
{Heap before GC invocations=308 (full 21):
 PSYoungGen      total 435712K, used 350720K [0x00000000e0000000, 0x00000000ffb00000, 0x0000000100000000)
  eden space 350720K, 100% used [0x00000000e0000000,0x00000000f5680000,0x00000000f5680000)
  from space 84992K, 0% used [0x00000000fa780000,0x00000000fa780000,0x00000000ffa80000)
  to   space 82944K, 0% used [0x00000000f5680000,0x00000000f5680000,0x00000000fa780000)
 ParOldGen       total 1048576K, used 776569K [0x00000000a0000000, 0x00000000e0000000, 0x00000000e0000000)
  object space 1048576K, 74% used [0x00000000a0000000,0x00000000cf65e570,0x00000000e0000000)
 Metaspace       used 99593K, capacity 107429K, committed 111064K, reserved 1146880K
  class space    used 11906K, capacity 13566K, committed 14080K, reserved 1048576K
Event: 10959.340 GC heap after
Heap after GC invocations=308 (full 21):
 PSYoungGen      total 433664K, used 60945K [0x00000000e0000000, 0x0000000100000000, 0x0000000100000000)
  eden space 350720K, 0% used [0x00000000e0000000,0x00000000e0000000,0x00000000f5680000)
  from space 82944K, 73% used [0x00000000f5680000,0x00000000f9204468,0x00000000fa780000)
  to   space 84480K, 0% used [0x00000000fad80000,0x00000000fad80000,0x0000000100000000)
 ParOldGen       total 1048576K, used 776569K [0x00000000a0000000, 0x00000000e0000000, 0x00000000e0000000)
  object space 1048576K, 74% used [0x00000000a0000000,0x00000000cf65e570,0x00000000e0000000)
 Metaspace       used 99593K, capacity 107429K, committed 111064K, reserved 1146880K
  class space    used 11906K, capacity 13566K, committed 14080K, reserved 1048576K
}
Event: 10959.704 GC heap before
{Heap before GC invocations=309 (full 21):
 PSYoungGen      total 433664K, used 411665K [0x00000000e0000000, 0x0000000100000000, 0x0000000100000000)
  eden space 350720K, 100% used [0x00000000e0000000,0x00000000f5680000,0x00000000f5680000)
  from space 82944K, 73% used [0x00000000f5680000,0x00000000f9204468,0x00000000fa780000)
  to   space 84480K, 0% used [0x00000000fad80000,0x00000000fad80000,0x0000000100000000)
 ParOldGen       total 1048576K, used 776569K [0x00000000a0000000, 0x00000000e0000000, 0x00000000e0000000)
  object space 1048576K, 74% used [0x00000000a0000000,0x00000000cf65e570,0x00000000e0000000)
 Metaspace       used 99593K, capacity 107429K, committed 111064K, reserved 1146880K
  class space    used 11906K, capacity 13566K, committed 14080K, reserved 1048576K
Event: 10959.798 GC heap after
Heap after GC invocations=309 (full 21):
 PSYoungGen      total 437760K, used 52306K [0x00000000e0000000, 0x00000000ffc80000, 0x0000000100000000)
  eden space 356864K, 0% used [0x00000000e0000000,0x00000000e0000000,0x00000000f5c80000)
  from space 80896K, 64% used [0x00000000fad80000,0x00000000fe0948c0,0x00000000ffc80000)
  to   space 81920K, 0% used [0x00000000f5c80000,0x00000000f5c80000,0x00000000fac80000)
 ParOldGen       total 1048576K, used 833857K [0x00000000a0000000, 0x00000000e0000000, 0x00000000e0000000)
  object space 1048576K, 79% used [0x00000000a0000000,0x00000000d2e506b0,0x00000000e0000000)
 Metaspace       used 99593K, capacity 107429K, committed 111064K, reserved 1146880K
  class space    used 11906K, capacity 13566K, committed 14080K, reserved 1048576K
}
Event: 10961.511 GC heap before
{Heap before GC invocations=310 (full 21):
 PSYoungGen      total 437760K, used 409170K [0x00000000e0000000, 0x00000000ffc80000, 0x0000000100000000)
  eden space 356864K, 100% used [0x00000000e0000000,0x00000000f5c80000,0x00000000f5c80000)
  from space 80896K, 64% used [0x00000000fad80000,0x00000000fe0948c0,0x00000000ffc80000)
  to   space 81920K, 0% used [0x00000000f5c80000,0x00000000f5c80000,0x00000000fac80000)
 ParOldGen       total 1048576K, used 833857K [0x00000000a0000000, 0x00000000e0000000, 0x00000000e0000000)
  object space 1048576K, 79% used [0x00000000a0000000,0x00000000d2e506b0,0x00000000e0000000)
 Metaspace       used 99593K, capacity 107429K, committed 111064K, reserved 1146880K
  class space    used 11906K, capacity 13566K, committed 14080K, reserved 1048576K
Event: 10961.633 GC heap after
Heap after GC invocations=310 (full 21):
 PSYoungGen      total 433664K, used 76620K [0x00000000e0000000, 0x0000000100000000, 0x0000000100000000)
  eden space 356864K, 0% used [0x00000000e0000000,0x00000000e0000000,0x00000000f5c80000)
  from space 76800K, 99% used [0x00000000f5c80000,0x00000000fa7530f0,0x00000000fa780000)
  to   space 89088K, 0% used [0x00000000fa900000,0x00000000fa900000,0x0000000100000000)
 ParOldGen       total 1048576K, used 857743K [0x00000000a0000000, 0x00000000e0000000, 0x00000000e0000000)
  object space 1048576K, 81% used [0x00000000a0000000,0x00000000d45a3db8,0x00000000e0000000)
 Metaspace       used 99593K, capacity 107429K, committed 111064K, reserved 1146880K
  class space    used 11906K, capacity 13566K, committed 14080K, reserved 1048576K
}
Event: 13346.852 GC heap before
{Heap before GC invocations=311 (full 21):
 PSYoungGen      total 433664K, used 433484K [0x00000000e0000000, 0x0000000100000000, 0x0000000100000000)
  eden space 356864K, 100% used [0x00000000e0000000,0x00000000f5c80000,0x00000000f5c80000)
  from space 76800K, 99% used [0x00000000f5c80000,0x00000000fa7530f0,0x00000000fa780000)
  to   space 89088K, 0% used [0x00000000fa900000,0x00000000fa900000,0x0000000100000000)
 ParOldGen       total 1048576K, used 857743K [0x00000000a0000000, 0x00000000e0000000, 0x00000000e0000000)
  object space 1048576K, 81% used [0x00000000a0000000,0x00000000d45a3db8,0x00000000e0000000)
 Metaspace       used 99778K, capacity 107783K, committed 111064K, reserved 1146880K
  class space    used 11939K, capacity 13646K, committed 14080K, reserved 1048576K

