# JRE version: OpenJDK Runtime Environment (8.0_112-b06) (build 1.8.0_112-release-b06)
# Java VM: OpenJDK 64-Bit Server VM (25.112-b06 mixed mode linux-amd64 compressed oops)
Heap:
 PSYoungGen      total 418304K, used 268807K [0x00000000e0000000, 0x00000000ff880000, 0x0000000100000000)
  eden space 329216K, 73% used [0x00000000e0000000,0x00000000eed477a0,0x00000000f4180000)
  from space 89088K, 28% used [0x00000000fa180000,0x00000000fbaba610,0x00000000ff880000)
  to   space 93696K, 0% used [0x00000000f4180000,0x00000000f4180000,0x00000000f9d00000)
 ParOldGen       total 1048576K, used 235637K [0x00000000a0000000, 0x00000000e0000000, 0x00000000e0000000)
  object space 1048576K, 22% used [0x00000000a0000000,0x00000000ae61d640,0x00000000e0000000)
 Metaspace       used 100029K, capacity 111886K, committed 120152K, reserved 1153024K
  class space    used 12028K, capacity 15097K, committed 15744K, reserved 1048576K
GC Heap History (10 events):
Event: 25547.193 GC heap before
{Heap before GC invocations=450 (full 22):
 PSYoungGen      total 390656K, used 44358K [0x00000000e0000000, 0x00000000fef80000, 0x0000000100000000)
  eden space 294400K, 0% used [0x00000000e0000000,0x00000000e0000000,0x00000000f1f80000)
  from space 96256K, 46% used [0x00000000f9180000,0x00000000fbcd1bd0,0x00000000fef80000)
  to   space 106496K, 0% used [0x00000000f1f80000,0x00000000f1f80000,0x00000000f8780000)
 ParOldGen       total 1007616K, used 930261K [0x00000000a0000000, 0x00000000dd800000, 0x00000000e0000000)
  object space 1007616K, 92% used [0x00000000a0000000,0x00000000d8c755f8,0x00000000dd800000)
 Metaspace       used 106614K, capacity 118630K, committed 120152K, reserved 1153024K
  class space    used 12538K, capacity 15669K, committed 15744K, reserved 1048576K
Event: 25547.828 GC heap after
Heap after GC invocations=450 (full 22):
 PSYoungGen      total 390656K, used 0K [0x00000000e0000000, 0x00000000fef80000, 0x0000000100000000)
  eden space 294400K, 0% used [0x00000000e0000000,0x00000000e0000000,0x00000000f1f80000)
  from space 96256K, 0% used [0x00000000f9180000,0x00000000f9180000,0x00000000fef80000)
  to   space 106496K, 0% used [0x00000000f1f80000,0x00000000f1f80000,0x00000000f8780000)
 ParOldGen       total 1048576K, used 172345K [0x00000000a0000000, 0x00000000e0000000, 0x00000000e0000000)
  object space 1048576K, 16% used [0x00000000a0000000,0x00000000aa84e4a0,0x00000000e0000000)
 Metaspace       used 99982K, capacity 111766K, committed 120152K, reserved 1153024K
  class space    used 12017K, capacity 15057K, committed 15744K, reserved 1048576K
}
Event: 25548.080 GC heap before
{Heap before GC invocations=451 (full 22):
 PSYoungGen      total 390656K, used 294400K [0x00000000e0000000, 0x00000000fef80000, 0x0000000100000000)
  eden space 294400K, 100% used [0x00000000e0000000,0x00000000f1f80000,0x00000000f1f80000)
  from space 96256K, 0% used [0x00000000f9180000,0x00000000f9180000,0x00000000fef80000)
  to   space 106496K, 0% used [0x00000000f1f80000,0x00000000f1f80000,0x00000000f8780000)
 ParOldGen       total 1048576K, used 172345K [0x00000000a0000000, 0x00000000e0000000, 0x00000000e0000000)
  object space 1048576K, 16% used [0x00000000a0000000,0x00000000aa84e4a0,0x00000000e0000000)
 Metaspace       used 99982K, capacity 111766K, committed 120152K, reserved 1153024K
  class space    used 12017K, capacity 15057K, committed 15744K, reserved 1048576K
Event: 25548.122 GC heap after
Heap after GC invocations=451 (full 22):
 PSYoungGen      total 400896K, used 46443K [0x00000000e0000000, 0x00000000fff00000, 0x0000000100000000)
  eden space 294400K, 0% used [0x00000000e0000000,0x00000000e0000000,0x00000000f1f80000)
  from space 106496K, 43% used [0x00000000f1f80000,0x00000000f4cdac58,0x00000000f8780000)
  to   space 100864K, 0% used [0x00000000f9c80000,0x00000000f9c80000,0x00000000fff00000)
 ParOldGen       total 1048576K, used 172345K [0x00000000a0000000, 0x00000000e0000000, 0x00000000e0000000)
  object space 1048576K, 16% used [0x00000000a0000000,0x00000000aa84e4a0,0x00000000e0000000)
 Metaspace       used 99982K, capacity 111766K, committed 120152K, reserved 1153024K
  class space    used 12017K, capacity 15057K, committed 15744K, reserved 1048576K
}
Event: 25548.962 GC heap before
{Heap before GC invocations=452 (full 22):
 PSYoungGen      total 400896K, used 340843K [0x00000000e0000000, 0x00000000fff00000, 0x0000000100000000)
  eden space 294400K, 100% used [0x00000000e0000000,0x00000000f1f80000,0x00000000f1f80000)
  from space 106496K, 43% used [0x00000000f1f80000,0x00000000f4cdac58,0x00000000f8780000)
  to   space 100864K, 0% used [0x00000000f9c80000,0x00000000f9c80000,0x00000000fff00000)
 ParOldGen       total 1048576K, used 172345K [0x00000000a0000000, 0x00000000e0000000, 0x00000000e0000000)
  object space 1048576K, 16% used [0x00000000a0000000,0x00000000aa84e4a0,0x00000000e0000000)
 Metaspace       used 99982K, capacity 111766K, committed 120152K, reserved 1153024K
  class space    used 12017K, capacity 15057K, committed 15744K, reserved 1048576K
Event: 25549.013 GC heap after
Heap after GC invocations=452 (full 22):
 PSYoungGen      total 408064K, used 27949K [0x00000000e0000000, 0x00000000ff580000, 0x0000000100000000)
  eden space 316928K, 0% used [0x00000000e0000000,0x00000000e0000000,0x00000000f3580000)
  from space 91136K, 30% used [0x00000000f9c80000,0x00000000fb7cb468,0x00000000ff580000)
  to   space 98304K, 0% used [0x00000000f3580000,0x00000000f3580000,0x00000000f9580000)
 ParOldGen       total 1048576K, used 194703K [0x00000000a0000000, 0x00000000e0000000, 0x00000000e0000000)
  object space 1048576K, 18% used [0x00000000a0000000,0x00000000abe23e38,0x00000000e0000000)
 Metaspace       used 99982K, capacity 111766K, committed 120152K, reserved 1153024K
  class space    used 12017K, capacity 15057K, committed 15744K, reserved 1048576K
}
Event: 25663.901 GC heap before
{Heap before GC invocations=453 (full 22):
 PSYoungGen      total 408064K, used 344877K [0x00000000e0000000, 0x00000000ff580000, 0x0000000100000000)
  eden space 316928K, 100% used [0x00000000e0000000,0x00000000f3580000,0x00000000f3580000)
  from space 91136K, 30% used [0x00000000f9c80000,0x00000000fb7cb468,0x00000000ff580000)
  to   space 98304K, 0% used [0x00000000f3580000,0x00000000f3580000,0x00000000f9580000)
 ParOldGen       total 1048576K, used 194703K [0x00000000a0000000, 0x00000000e0000000, 0x00000000e0000000)
  object space 1048576K, 18% used [0x00000000a0000000,0x00000000abe23e38,0x00000000e0000000)
 Metaspace       used 100025K, capacity 111886K, committed 120152K, reserved 1153024K
  class space    used 12028K, capacity 15097K, committed 15744K, reserved 1048576K
Event: 25663.977 GC heap after
Heap after GC invocations=453 (full 22):
 PSYoungGen      total 415232K, used 19262K [0x00000000e0000000, 0x0000000100000000, 0x0000000100000000)
  eden space 316928K, 0% used [0x00000000e0000000,0x00000000e0000000,0x00000000f3580000)
  from space 98304K, 19% used [0x00000000f3580000,0x00000000f484f8f8,0x00000000f9580000)
  to   space 96768K, 0% used [0x00000000fa180000,0x00000000fa180000,0x0000000100000000)
 ParOldGen       total 1048576K, used 218809K [0x00000000a0000000, 0x00000000e0000000, 0x00000000e0000000)
  object space 1048576K, 20% used [0x00000000a0000000,0x00000000ad5ae568,0x00000000e0000000)
 Metaspace       used 100025K, capacity 111886K, committed 120152K, reserved 1153024K
  class space    used 12028K, capacity 15097K, committed 15744K, reserved 1048576K
}
Event: 25665.968 GC heap before
{Heap before GC invocations=454 (full 22):
 PSYoungGen      total 415232K, used 336190K [0x00000000e0000000, 0x0000000100000000, 0x0000000100000000)
  eden space 316928K, 100% used [0x00000000e0000000,0x00000000f3580000,0x00000000f3580000)
  from space 98304K, 19% used [0x00000000f3580000,0x00000000f484f8f8,0x00000000f9580000)
  to   space 96768K, 0% used [0x00000000fa180000,0x00000000fa180000,0x0000000100000000)
 ParOldGen       total 1048576K, used 218809K [0x00000000a0000000, 0x00000000e0000000, 0x00000000e0000000)
  object space 1048576K, 20% used [0x00000000a0000000,0x00000000ad5ae568,0x00000000e0000000)
 Metaspace       used 100026K, capacity 111886K, committed 120152K, reserved 1153024K
  class space    used 12028K, capacity 15097K, committed 15744K, reserved 1048576K
Event: 25666.010 GC heap after
Heap after GC invocations=454 (full 22):
 PSYoungGen      total 418304K, used 25833K [0x00000000e0000000, 0x00000000ff880000, 0x0000000100000000)
  eden space 329216K, 0% used [0x00000000e0000000,0x00000000e0000000,0x00000000f4180000)
  from space 89088K, 28% used [0x00000000fa180000,0x00000000fbaba610,0x00000000ff880000)
  to   space 93696K, 0% used [0x00000000f4180000,0x00000000f4180000,0x00000000f9d00000)
 ParOldGen       total 1048576K, used 235637K [0x00000000a0000000, 0x00000000e0000000, 0x00000000e0000000)
  object space 1048576K, 22% used [0x00000000a0000000,0x00000000ae61d640,0x00000000e0000000)
 Metaspace       used 100026K, capacity 111886K, committed 120152K, reserved 1153024K
  class space    used 12028K, capacity 15097K, committed 15744K, reserved 1048576K
}

